TN:
SF:src\App.tsx
FN:1,(empty-report)
FNF:1
FNH:0
FNDA:0,(empty-report)
DA:1,0
DA:2,0
DA:3,0
DA:4,0
DA:5,0
DA:6,0
DA:7,0
DA:8,0
DA:9,0
DA:10,0
DA:11,0
DA:12,0
DA:13,0
DA:14,0
DA:15,0
DA:16,0
DA:17,0
DA:18,0
DA:19,0
DA:20,0
DA:21,0
DA:22,0
DA:23,0
LF:23
LH:0
BRDA:1,0,0,0
BRF:1
BRH:0
end_of_record
TN:
SF:src\components\ContactForm.tsx
FN:5,ContactForm
FN:14,handleChange
FN:22,handleSubmit
FNF:3
FNH:3
FNDA:17,ContactForm
FNDA:9,handleChange
FNDA:3,handleSubmit
DA:1,1
DA:2,1
DA:3,1
DA:4,1
DA:5,1
DA:6,17
DA:7,17
DA:8,17
DA:9,17
DA:10,17
DA:11,17
DA:12,17
DA:13,17
DA:14,17
DA:15,9
DA:16,9
DA:17,9
DA:18,9
DA:19,9
DA:20,9
DA:21,17
DA:22,17
DA:23,3
DA:24,3
DA:25,3
DA:26,3
DA:27,3
DA:28,1
DA:29,1
DA:30,1
DA:31,1
DA:32,3
DA:33,2
DA:34,2
DA:35,17
DA:36,17
DA:37,3
DA:38,3
DA:39,17
DA:40,1
DA:41,1
DA:42,13
DA:43,13
DA:44,13
DA:45,13
DA:46,13
DA:47,13
DA:48,13
DA:49,13
DA:50,13
DA:51,13
DA:52,13
DA:53,13
DA:54,13
DA:55,13
DA:56,13
DA:57,13
DA:58,13
DA:59,13
DA:60,13
DA:61,13
DA:62,13
DA:63,13
DA:64,13
DA:65,13
DA:66,13
DA:67,13
DA:68,13
DA:69,1
DA:70,1
LF:70
LH:70
BRDA:5,0,0,17
BRDA:36,1,0,3
BRDA:39,2,0,14
BRDA:39,3,0,1
BRDA:42,4,0,13
BRDA:14,5,0,9
BRDA:16,6,0,9
BRDA:22,7,0,3
BRDA:28,8,0,1
BRDA:32,9,0,2
BRF:10
BRH:10
end_of_record
TN:
SF:src\components\Overview.tsx
FN:9,Overview
FNF:1
FNH:1
FNDA:1,Overview
DA:1,1
DA:2,1
DA:3,1
DA:4,1
DA:5,1
DA:6,1
DA:7,1
DA:8,1
DA:9,1
DA:10,1
DA:11,1
DA:12,1
DA:13,1
DA:14,1
DA:15,1
DA:16,1
DA:17,1
DA:18,1
LF:18
LH:18
BRDA:9,0,0,1
BRF:1
BRH:1
end_of_record
TN:
SF:src\components\Skills.tsx
FN:4,Skills
FN:10,fetchSkills
FNF:2
FNH:2
FNDA:5,Skills
FNDA:3,fetchSkills
DA:1,1
DA:2,1
DA:3,1
DA:4,1
DA:5,5
DA:6,5
DA:7,5
DA:8,5
DA:9,5
DA:10,3
DA:11,3
DA:12,3
DA:13,3
DA:14,1
DA:15,1
DA:16,1
DA:17,1
DA:18,1
DA:19,1
DA:20,3
DA:21,2
DA:22,2
DA:23,3
DA:24,3
DA:25,3
DA:26,5
DA:27,5
DA:28,3
DA:29,3
DA:30,5
DA:31,1
DA:32,1
DA:33,1
DA:34,1
DA:35,1
DA:36,1
DA:37,1
DA:38,2
DA:39,1
DA:40,1
DA:41,1
DA:42,1
DA:43,1
DA:44,1
LF:44
LH:44
BRDA:4,0,0,5
BRDA:27,1,0,3
BRDA:30,2,0,2
BRDA:30,3,0,1
BRDA:9,4,0,3
BRDA:10,5,0,3
BRDA:13,6,0,2
BRDA:13,7,0,1
BRDA:20,8,0,2
BRDA:37,9,0,2
BRF:10
BRH:10
end_of_record
TN:
SF:src\components\WorkHistory.tsx
FN:4,WorkHistory
FNF:1
FNH:1
FNDA:1,WorkHistory
DA:1,1
DA:2,1
DA:3,1
DA:4,1
DA:5,1
DA:6,1
DA:7,1
DA:8,1
DA:9,1
DA:10,2
DA:11,2
DA:12,2
DA:13,2
DA:14,2
DA:15,1
DA:16,1
DA:17,1
DA:18,1
DA:19,1
LF:19
LH:19
BRDA:4,0,0,1
BRDA:9,1,0,2
BRF:2
BRH:2
end_of_record
TN:
SF:src\services\cv-api.ts
FN:4,sendMessage
FN:18,delSkill
FNF:2
FNH:1
FNDA:3,sendMessage
FNDA:0,delSkill
DA:1,1
DA:2,1
DA:3,1
DA:4,1
DA:5,3
DA:6,3
DA:7,3
DA:8,3
DA:9,3
DA:10,3
DA:11,3
DA:12,2
DA:13,3
DA:14,1
DA:15,1
DA:16,3
DA:17,1
DA:18,1
DA:19,0
DA:20,0
DA:21,0
DA:22,0
DA:23,0
DA:24,0
DA:25,0
DA:26,1
DA:27,1
DA:28,1
DA:29,1
DA:30,1
DA:31,1
DA:32,1
LF:32
LH:25
BRDA:4,0,0,3
BRDA:12,1,0,2
BRDA:13,2,0,1
BRF:3
BRH:3
end_of_record
